2024-03-11T09:29:20.277-05:00  INFO 17163 --- [restartedMain] d.c.t.TelehealthServerApplication        : Starting TelehealthServerApplication using Java 17.0.8 with PID 17163 (/Users/chaitanyaallu/Desktop/Cryptography Project/TeleHealthServer/target/classes started by chaitanyaallu in /Users/chaitanyaallu/Desktop/Cryptography Project/TeleHealthServer)
2024-03-11T09:29:20.277-05:00 DEBUG 17163 --- [restartedMain] d.c.t.TelehealthServerApplication        : Running with Spring Boot v3.2.3, Spring v6.1.4
2024-03-11T09:29:20.277-05:00  INFO 17163 --- [restartedMain] d.c.t.TelehealthServerApplication        : No active profile set, falling back to 1 default profile: "default"
2024-03-11T09:29:20.378-05:00  INFO 17163 --- [restartedMain] o.s.b.w.embedded.tomcat.TomcatWebServer  : Tomcat initialized with port 8080 (http)
2024-03-11T09:29:20.379-05:00  INFO 17163 --- [restartedMain] o.apache.catalina.core.StandardService   : Starting service [Tomcat]
2024-03-11T09:29:20.379-05:00  INFO 17163 --- [restartedMain] o.apache.catalina.core.StandardEngine    : Starting Servlet engine: [Apache Tomcat/10.1.19]
2024-03-11T09:29:20.384-05:00  INFO 17163 --- [restartedMain] o.a.c.c.C.[Tomcat].[localhost].[/]       : Initializing Spring embedded WebApplicationContext
2024-03-11T09:29:20.384-05:00  INFO 17163 --- [restartedMain] w.s.c.ServletWebServerApplicationContext : Root WebApplicationContext: initialization completed in 106 ms
2024-03-11T09:29:20.411-05:00  WARN 17163 --- [restartedMain] o.s.b.d.a.OptionalLiveReloadServer       : Unable to start LiveReload server
2024-03-11T09:29:20.414-05:00  INFO 17163 --- [restartedMain] o.s.b.w.embedded.tomcat.TomcatWebServer  : Tomcat started on port 8080 (http) with context path ''
2024-03-11T09:29:20.417-05:00  INFO 17163 --- [restartedMain] d.c.t.TelehealthServerApplication        : Started TelehealthServerApplication in 0.167 seconds (process running for 1819.816)
2024-03-11T09:29:20.418-05:00  INFO 17163 --- [restartedMain] .ConditionEvaluationDeltaLoggingListener : Condition evaluation unchanged
2024-03-11T09:29:20.652-05:00  INFO 17163 --- [http-nio-8080-exec-1] o.a.c.c.C.[Tomcat].[localhost].[/]       : Initializing Spring DispatcherServlet 'dispatcherServlet'
2024-03-11T09:29:20.653-05:00  INFO 17163 --- [http-nio-8080-exec-1] o.s.web.servlet.DispatcherServlet        : Initializing Servlet 'dispatcherServlet'
2024-03-11T09:29:20.653-05:00  INFO 17163 --- [http-nio-8080-exec-1] o.s.web.servlet.DispatcherServlet        : Completed initialization in 0 ms
2024-03-11T09:30:18.315-05:00  INFO 17163 --- [File Watcher] rtingClassPathChangeChangedEventListener : Restarting due to 1 class path change (0 additions, 1 deletion, 0 modifications)
2024-03-11T09:30:18.401-05:00  INFO 17163 --- [restartedMain] d.c.t.TelehealthServerApplication        : Starting TelehealthServerApplication using Java 17.0.8 with PID 17163 (/Users/chaitanyaallu/Desktop/Cryptography Project/TeleHealthServer/target/classes started by chaitanyaallu in /Users/chaitanyaallu/Desktop/Cryptography Project/TeleHealthServer)
2024-03-11T09:30:18.401-05:00 DEBUG 17163 --- [restartedMain] d.c.t.TelehealthServerApplication        : Running with Spring Boot v3.2.3, Spring v6.1.4
2024-03-11T09:30:18.401-05:00  INFO 17163 --- [restartedMain] d.c.t.TelehealthServerApplication        : No active profile set, falling back to 1 default profile: "default"
2024-03-11T09:30:18.492-05:00  INFO 17163 --- [restartedMain] o.s.b.w.embedded.tomcat.TomcatWebServer  : Tomcat initialized with port 8080 (http)
2024-03-11T09:30:18.492-05:00  INFO 17163 --- [restartedMain] o.apache.catalina.core.StandardService   : Starting service [Tomcat]
2024-03-11T09:30:18.492-05:00  INFO 17163 --- [restartedMain] o.apache.catalina.core.StandardEngine    : Starting Servlet engine: [Apache Tomcat/10.1.19]
2024-03-11T09:30:18.498-05:00  INFO 17163 --- [restartedMain] o.a.c.c.C.[Tomcat].[localhost].[/]       : Initializing Spring embedded WebApplicationContext
2024-03-11T09:30:18.498-05:00  INFO 17163 --- [restartedMain] w.s.c.ServletWebServerApplicationContext : Root WebApplicationContext: initialization completed in 95 ms
2024-03-11T09:30:18.503-05:00  INFO 17163 --- [restartedMain] d.c.t.service.TelehealthServerService    : Initializing ECC key pair for the server.
2024-03-11T09:30:18.530-05:00  WARN 17163 --- [restartedMain] o.s.b.d.a.OptionalLiveReloadServer       : Unable to start LiveReload server
2024-03-11T09:30:18.541-05:00  INFO 17163 --- [restartedMain] o.s.b.w.embedded.tomcat.TomcatWebServer  : Tomcat started on port 8080 (http) with context path ''
2024-03-11T09:30:18.544-05:00  INFO 17163 --- [restartedMain] d.c.t.TelehealthServerApplication        : Started TelehealthServerApplication in 0.164 seconds (process running for 1877.944)
2024-03-11T09:30:18.545-05:00  INFO 17163 --- [restartedMain] .ConditionEvaluationDeltaLoggingListener : Condition evaluation unchanged
2024-03-11T09:30:19.946-05:00  INFO 17163 --- [File Watcher] rtingClassPathChangeChangedEventListener : Restarting due to 1 class path change (1 addition, 0 deletions, 0 modifications)
2024-03-11T09:30:19.997-05:00  INFO 17163 --- [restartedMain] d.c.t.TelehealthServerApplication        : Starting TelehealthServerApplication using Java 17.0.8 with PID 17163 (/Users/chaitanyaallu/Desktop/Cryptography Project/TeleHealthServer/target/classes started by chaitanyaallu in /Users/chaitanyaallu/Desktop/Cryptography Project/TeleHealthServer)
2024-03-11T09:30:19.997-05:00 DEBUG 17163 --- [restartedMain] d.c.t.TelehealthServerApplication        : Running with Spring Boot v3.2.3, Spring v6.1.4
2024-03-11T09:30:19.997-05:00  INFO 17163 --- [restartedMain] d.c.t.TelehealthServerApplication        : No active profile set, falling back to 1 default profile: "default"
2024-03-11T09:30:20.068-05:00  INFO 17163 --- [restartedMain] o.s.b.w.embedded.tomcat.TomcatWebServer  : Tomcat initialized with port 8080 (http)
2024-03-11T09:30:20.068-05:00  INFO 17163 --- [restartedMain] o.apache.catalina.core.StandardService   : Starting service [Tomcat]
2024-03-11T09:30:20.069-05:00  INFO 17163 --- [restartedMain] o.apache.catalina.core.StandardEngine    : Starting Servlet engine: [Apache Tomcat/10.1.19]
2024-03-11T09:30:20.074-05:00  INFO 17163 --- [restartedMain] o.a.c.c.C.[Tomcat].[localhost].[/]       : Initializing Spring embedded WebApplicationContext
2024-03-11T09:30:20.074-05:00  INFO 17163 --- [restartedMain] w.s.c.ServletWebServerApplicationContext : Root WebApplicationContext: initialization completed in 76 ms
2024-03-11T09:30:20.077-05:00  INFO 17163 --- [restartedMain] d.c.t.service.TelehealthServerService    : Initializing ECC key pair for the server.
2024-03-11T09:30:20.102-05:00  WARN 17163 --- [restartedMain] o.s.b.d.a.OptionalLiveReloadServer       : Unable to start LiveReload server
2024-03-11T09:30:20.112-05:00  INFO 17163 --- [restartedMain] o.s.b.w.embedded.tomcat.TomcatWebServer  : Tomcat started on port 8080 (http) with context path ''
2024-03-11T09:30:20.114-05:00  INFO 17163 --- [restartedMain] d.c.t.TelehealthServerApplication        : Started TelehealthServerApplication in 0.126 seconds (process running for 1879.514)
2024-03-11T09:30:20.115-05:00  INFO 17163 --- [restartedMain] .ConditionEvaluationDeltaLoggingListener : Condition evaluation unchanged
2024-03-11T09:32:09.403-05:00  INFO 17163 --- [http-nio-8080-exec-1] o.a.c.c.C.[Tomcat].[localhost].[/]       : Initializing Spring DispatcherServlet 'dispatcherServlet'
2024-03-11T09:32:09.405-05:00  INFO 17163 --- [http-nio-8080-exec-1] o.s.web.servlet.DispatcherServlet        : Initializing Servlet 'dispatcherServlet'
2024-03-11T09:32:09.409-05:00  INFO 17163 --- [http-nio-8080-exec-1] o.s.web.servlet.DispatcherServlet        : Completed initialization in 4 ms
2024-03-11T09:32:09.828-05:00  INFO 17163 --- [File Watcher] rtingClassPathChangeChangedEventListener : Restarting due to 7 class path changes (0 additions, 0 deletions, 7 modifications)
2024-03-11T09:32:09.919-05:00  INFO 17163 --- [restartedMain] d.c.t.TelehealthServerApplication        : Starting TelehealthServerApplication using Java 17.0.8 with PID 17163 (/Users/chaitanyaallu/Desktop/Cryptography Project/TeleHealthServer/target/classes started by chaitanyaallu in /Users/chaitanyaallu/Desktop/Cryptography Project/TeleHealthServer)
2024-03-11T09:32:09.920-05:00 DEBUG 17163 --- [restartedMain] d.c.t.TelehealthServerApplication        : Running with Spring Boot v3.2.3, Spring v6.1.4
2024-03-11T09:32:09.920-05:00  INFO 17163 --- [restartedMain] d.c.t.TelehealthServerApplication        : No active profile set, falling back to 1 default profile: "default"
2024-03-11T09:32:10.005-05:00  INFO 17163 --- [restartedMain] o.s.b.w.embedded.tomcat.TomcatWebServer  : Tomcat initialized with port 8080 (http)
2024-03-11T09:32:10.006-05:00  INFO 17163 --- [restartedMain] o.apache.catalina.core.StandardService   : Starting service [Tomcat]
2024-03-11T09:32:10.006-05:00  INFO 17163 --- [restartedMain] o.apache.catalina.core.StandardEngine    : Starting Servlet engine: [Apache Tomcat/10.1.19]
2024-03-11T09:32:10.012-05:00  INFO 17163 --- [restartedMain] o.a.c.c.C.[Tomcat].[localhost].[/]       : Initializing Spring embedded WebApplicationContext
2024-03-11T09:32:10.012-05:00  INFO 17163 --- [restartedMain] w.s.c.ServletWebServerApplicationContext : Root WebApplicationContext: initialization completed in 91 ms
2024-03-11T09:32:10.016-05:00  INFO 17163 --- [restartedMain] d.c.t.service.TelehealthServerService    : Initializing ECC key pair for the server.
2024-03-11T09:32:10.041-05:00  WARN 17163 --- [restartedMain] o.s.b.d.a.OptionalLiveReloadServer       : Unable to start LiveReload server
2024-03-11T09:32:10.045-05:00  INFO 17163 --- [restartedMain] o.s.b.w.embedded.tomcat.TomcatWebServer  : Tomcat started on port 8080 (http) with context path ''
2024-03-11T09:32:10.048-05:00  INFO 17163 --- [restartedMain] d.c.t.TelehealthServerApplication        : Started TelehealthServerApplication in 0.145 seconds (process running for 1989.45)
2024-03-11T09:32:10.048-05:00  INFO 17163 --- [restartedMain] .ConditionEvaluationDeltaLoggingListener : Condition evaluation unchanged
2024-03-11T09:32:11.033-05:00  INFO 17163 --- [http-nio-8080-exec-1] o.a.c.c.C.[Tomcat].[localhost].[/]       : Initializing Spring DispatcherServlet 'dispatcherServlet'
2024-03-11T09:32:11.033-05:00  INFO 17163 --- [http-nio-8080-exec-1] o.s.web.servlet.DispatcherServlet        : Initializing Servlet 'dispatcherServlet'
2024-03-11T09:32:11.034-05:00  INFO 17163 --- [http-nio-8080-exec-1] o.s.web.servlet.DispatcherServlet        : Completed initialization in 1 ms
2024-03-11T09:32:46.763-05:00  INFO 17163 --- [File Watcher] rtingClassPathChangeChangedEventListener : Restarting due to 1 class path change (0 additions, 1 deletion, 0 modifications)
2024-03-11T09:32:46.809-05:00  INFO 17163 --- [restartedMain] d.c.t.TelehealthServerApplication        : Starting TelehealthServerApplication using Java 17.0.8 with PID 17163 (/Users/chaitanyaallu/Desktop/Cryptography Project/TeleHealthServer/target/classes started by chaitanyaallu in /Users/chaitanyaallu/Desktop/Cryptography Project/TeleHealthServer)
2024-03-11T09:32:46.810-05:00 DEBUG 17163 --- [restartedMain] d.c.t.TelehealthServerApplication        : Running with Spring Boot v3.2.3, Spring v6.1.4
2024-03-11T09:32:46.810-05:00  INFO 17163 --- [restartedMain] d.c.t.TelehealthServerApplication        : No active profile set, falling back to 1 default profile: "default"
2024-03-11T09:32:46.881-05:00  INFO 17163 --- [restartedMain] o.s.b.w.embedded.tomcat.TomcatWebServer  : Tomcat initialized with port 8080 (http)
2024-03-11T09:32:46.881-05:00  INFO 17163 --- [restartedMain] o.apache.catalina.core.StandardService   : Starting service [Tomcat]
2024-03-11T09:32:46.881-05:00  INFO 17163 --- [restartedMain] o.apache.catalina.core.StandardEngine    : Starting Servlet engine: [Apache Tomcat/10.1.19]
2024-03-11T09:32:46.887-05:00  INFO 17163 --- [restartedMain] o.a.c.c.C.[Tomcat].[localhost].[/]       : Initializing Spring embedded WebApplicationContext
2024-03-11T09:32:46.887-05:00  INFO 17163 --- [restartedMain] w.s.c.ServletWebServerApplicationContext : Root WebApplicationContext: initialization completed in 76 ms
2024-03-11T09:32:46.891-05:00  INFO 17163 --- [restartedMain] d.c.t.service.TelehealthServerService    : Initializing ECC key pair for the server.
2024-03-11T09:32:46.913-05:00  WARN 17163 --- [restartedMain] o.s.b.d.a.OptionalLiveReloadServer       : Unable to start LiveReload server
2024-03-11T09:32:46.918-05:00  INFO 17163 --- [restartedMain] o.s.b.w.embedded.tomcat.TomcatWebServer  : Tomcat started on port 8080 (http) with context path ''
2024-03-11T09:32:46.923-05:00  INFO 17163 --- [restartedMain] d.c.t.TelehealthServerApplication        : Started TelehealthServerApplication in 0.123 seconds (process running for 2026.327)
2024-03-11T09:32:46.924-05:00  INFO 17163 --- [restartedMain] .ConditionEvaluationDeltaLoggingListener : Condition evaluation unchanged
2024-03-11T09:32:48.333-05:00  INFO 17163 --- [File Watcher] rtingClassPathChangeChangedEventListener : Restarting due to 1 class path change (1 addition, 0 deletions, 0 modifications)
2024-03-11T09:32:48.390-05:00  INFO 17163 --- [restartedMain] d.c.t.TelehealthServerApplication        : Starting TelehealthServerApplication using Java 17.0.8 with PID 17163 (/Users/chaitanyaallu/Desktop/Cryptography Project/TeleHealthServer/target/classes started by chaitanyaallu in /Users/chaitanyaallu/Desktop/Cryptography Project/TeleHealthServer)
2024-03-11T09:32:48.390-05:00 DEBUG 17163 --- [restartedMain] d.c.t.TelehealthServerApplication        : Running with Spring Boot v3.2.3, Spring v6.1.4
2024-03-11T09:32:48.390-05:00  INFO 17163 --- [restartedMain] d.c.t.TelehealthServerApplication        : No active profile set, falling back to 1 default profile: "default"
2024-03-11T09:32:48.450-05:00  INFO 17163 --- [restartedMain] o.s.b.w.embedded.tomcat.TomcatWebServer  : Tomcat initialized with port 8080 (http)
2024-03-11T09:32:48.450-05:00  INFO 17163 --- [restartedMain] o.apache.catalina.core.StandardService   : Starting service [Tomcat]
2024-03-11T09:32:48.450-05:00  INFO 17163 --- [restartedMain] o.apache.catalina.core.StandardEngine    : Starting Servlet engine: [Apache Tomcat/10.1.19]
2024-03-11T09:32:48.454-05:00  INFO 17163 --- [restartedMain] o.a.c.c.C.[Tomcat].[localhost].[/]       : Initializing Spring embedded WebApplicationContext
2024-03-11T09:32:48.454-05:00  INFO 17163 --- [restartedMain] w.s.c.ServletWebServerApplicationContext : Root WebApplicationContext: initialization completed in 63 ms
2024-03-11T09:32:48.457-05:00  INFO 17163 --- [restartedMain] d.c.t.service.TelehealthServerService    : Initializing ECC key pair for the server.
2024-03-11T09:32:48.475-05:00  WARN 17163 --- [restartedMain] o.s.b.d.a.OptionalLiveReloadServer       : Unable to start LiveReload server
2024-03-11T09:32:48.478-05:00  INFO 17163 --- [restartedMain] o.s.b.w.embedded.tomcat.TomcatWebServer  : Tomcat started on port 8080 (http) with context path ''
2024-03-11T09:32:48.480-05:00  INFO 17163 --- [restartedMain] d.c.t.TelehealthServerApplication        : Started TelehealthServerApplication in 0.103 seconds (process running for 2027.883)
2024-03-11T09:32:48.480-05:00  INFO 17163 --- [restartedMain] .ConditionEvaluationDeltaLoggingListener : Condition evaluation unchanged
2024-03-11T09:32:55.351-05:00  INFO 17163 --- [File Watcher] rtingClassPathChangeChangedEventListener : Restarting due to 1 class path change (0 additions, 0 deletions, 1 modification)
2024-03-11T09:32:55.453-05:00  INFO 17163 --- [restartedMain] d.c.t.TelehealthServerApplication        : Starting TelehealthServerApplication using Java 17.0.8 with PID 17163 (/Users/chaitanyaallu/Desktop/Cryptography Project/TeleHealthServer/target/classes started by chaitanyaallu in /Users/chaitanyaallu/Desktop/Cryptography Project/TeleHealthServer)
2024-03-11T09:32:55.454-05:00 DEBUG 17163 --- [restartedMain] d.c.t.TelehealthServerApplication        : Running with Spring Boot v3.2.3, Spring v6.1.4
2024-03-11T09:32:55.454-05:00  INFO 17163 --- [restartedMain] d.c.t.TelehealthServerApplication        : No active profile set, falling back to 1 default profile: "default"
2024-03-11T09:32:55.551-05:00  INFO 17163 --- [restartedMain] o.s.b.w.embedded.tomcat.TomcatWebServer  : Tomcat initialized with port 8080 (http)
2024-03-11T09:32:55.552-05:00  INFO 17163 --- [restartedMain] o.apache.catalina.core.StandardService   : Starting service [Tomcat]
2024-03-11T09:32:55.552-05:00  INFO 17163 --- [restartedMain] o.apache.catalina.core.StandardEngine    : Starting Servlet engine: [Apache Tomcat/10.1.19]
2024-03-11T09:32:55.558-05:00  INFO 17163 --- [restartedMain] o.a.c.c.C.[Tomcat].[localhost].[/]       : Initializing Spring embedded WebApplicationContext
2024-03-11T09:32:55.558-05:00  INFO 17163 --- [restartedMain] w.s.c.ServletWebServerApplicationContext : Root WebApplicationContext: initialization completed in 104 ms
2024-03-11T09:32:55.564-05:00  INFO 17163 --- [restartedMain] d.c.t.service.TelehealthServerService    : Initializing ECC key pair for the server.
2024-03-11T09:32:55.589-05:00  WARN 17163 --- [restartedMain] o.s.b.d.a.OptionalLiveReloadServer       : Unable to start LiveReload server
2024-03-11T09:32:55.593-05:00  INFO 17163 --- [restartedMain] o.s.b.w.embedded.tomcat.TomcatWebServer  : Tomcat started on port 8080 (http) with context path ''
2024-03-11T09:32:55.596-05:00  INFO 17163 --- [restartedMain] d.c.t.TelehealthServerApplication        : Started TelehealthServerApplication in 0.158 seconds (process running for 2034.999)
2024-03-11T09:32:55.597-05:00  INFO 17163 --- [restartedMain] .ConditionEvaluationDeltaLoggingListener : Condition evaluation unchanged
2024-03-11T09:33:18.309-05:00  INFO 17163 --- [http-nio-8080-exec-1] o.a.c.c.C.[Tomcat].[localhost].[/]       : Initializing Spring DispatcherServlet 'dispatcherServlet'
2024-03-11T09:33:18.310-05:00  INFO 17163 --- [http-nio-8080-exec-1] o.s.web.servlet.DispatcherServlet        : Initializing Servlet 'dispatcherServlet'
2024-03-11T09:33:18.311-05:00  INFO 17163 --- [http-nio-8080-exec-1] o.s.web.servlet.DispatcherServlet        : Completed initialization in 1 ms
2024-03-11T09:33:49.548-05:00  INFO 17163 --- [File Watcher] rtingClassPathChangeChangedEventListener : Restarting due to 1 class path change (0 additions, 0 deletions, 1 modification)
